<?xml version="1.0" encoding="utf-8"?><testsuites name="pytest tests"><testsuite name="pytest" errors="0" failures="1" skipped="7" tests="961" time="12.468" timestamp="2026-09-13T18:19:37.399871+00:00" hostname="fe27aef14c9f"><testcase classname="tests.crew.test_actions" name="test_propose_creates_pending_request_with_snapshot" time="0.003" /><testcase classname="tests.crew.test_actions" name="test_propose_rejects_unknown_action_type" time="0.001" /><testcase classname="tests.crew.test_actions" name="test_full_lifecycle_records_actors_and_timestamps" time="0.002" /><testcase classname="tests.crew.test_actions" name="test_illegal_transitions_raise" time="0.002" /><testcase classname="tests.crew.test_actions" name="test_reject_is_terminal" time="0.001" /><testcase classname="tests.crew.test_actions" name="test_expiry_only_from_approved" time="0.002" /><testcase classname="tests.crew.test_actions" name="test_execution_claim_expires_old_approval_atomically" time="0.001" /><testcase classname="tests.crew.test_actions" name="test_stale_expiry_cannot_overwrite_execution_claim" time="0.003" /><testcase classname="tests.crew.test_actions" name="test_params_and_result_survive_json_round_trip" time="0.001" /><testcase classname="tests.crew.test_actions" name="test_existing_store_migrates_execution_claim_columns" time="0.002" /><testcase classname="tests.crew.test_actions" name="test_concurrent_store_initialization_migrates_legacy_schema_once" time="0.573" /><testcase classname="tests.crew.test_advisor" name="test_plain_question_returns_reply_without_proposal" time="0.002" /><testcase classname="tests.crew.test_advisor" name="test_llm_receives_context_and_history" time="0.001" /><testcase classname="tests.crew.test_advisor" name="test_proposal_json_becomes_pending_action" time="0.003" /><testcase classname="tests.crew.test_advisor" name="test_malformed_proposal_json_is_treated_as_text" time="0.002" /><testcase classname="tests.crew.test_advisor" name="test_unknown_action_type_is_never_proposed" time="0.003" /><testcase classname="tests.crew.test_advisor" name="test_unavailable_client_raises_normalized_error" time="0.002" /><testcase classname="tests.crew.test_advisor" name="test_context_builder_shapes_display_safe_snapshot" time="0.000" /><testcase classname="tests.crew.test_advisor_failover" name="test_openai_client_success_returns_content" time="0.000" /><testcase classname="tests.crew.test_advisor_failover" name="test_credit_and_auth_failures_map_to_unavailable[401]" time="0.000" /><testcase classname="tests.crew.test_advisor_failover" name="test_credit_and_auth_failures_map_to_unavailable[402]" time="0.000" /><testcase classname="tests.crew.test_advisor_failover" name="test_credit_and_auth_failures_map_to_unavailable[429]" time="0.001" /><testcase classname="tests.crew.test_advisor_failover" name="test_failover_tries_second_provider_on_first_failure" time="0.000" /><testcase classname="tests.crew.test_advisor_failover" name="test_failover_raises_when_all_providers_fail" time="0.000" /><testcase classname="tests.crew.test_advisor_failover" name="test_build_chain_from_env" time="0.001" /><testcase classname="tests.crew.test_advisor_failover" name="test_build_llm_chain_uses_deepseek_when_configured" time="0.000" /><testcase classname="tests.crew.test_advisor_failover" name="test_llm_configured_true_for_deepseek" time="0.000" /><testcase classname="tests.crew.test_assistant.TestParsing" name="test_basic_move_with_dollar_sign" time="0.000" /><testcase classname="tests.crew.test_assistant.TestParsing" name="test_transfer_verb_and_decimal" time="0.000" /><testcase classname="tests.crew.test_assistant.TestParsing" name="test_dollars_word_allowed" time="0.000" /><testcase classname="tests.crew.test_assistant.TestParsing" name="test_memo_after_for" time="0.000" /><testcase classname="tests.crew.test_assistant.TestParsing" name="test_quoted_names_with_spaces" time="0.000" /><testcase classname="tests.crew.test_assistant.TestParsing" name="test_case_insensitive" time="0.000" /><testcase classname="tests.crew.test_assistant.TestParsing" name="test_unparseable_input_raises_helpfully[what's my balance]" time="0.000" /><testcase classname="tests.crew.test_assistant.TestParsing" name="test_unparseable_input_raises_helpfully[move to rent]" time="0.000" /><testcase classname="tests.crew.test_assistant.TestParsing" name="test_unparseable_input_raises_helpfully[move $50 to rent]" time="0.000" /><testcase classname="tests.crew.test_assistant.TestParsing" name="test_unparseable_input_raises_helpfully[move $ fifty from checking to rent]" time="0.000" /><testcase classname="tests.crew.test_assistant.TestParsing" name="test_unparseable_input_raises_helpfully[move -10 from checking to rent]" time="0.000" /><testcase classname="tests.crew.test_assistant.TestParsing" name="test_unparseable_input_raises_helpfully[]" time="0.000" /><testcase classname="tests.crew.test_assistant.TestProposing" name="test_posts_intent_to_local_endpoint" time="0.001" /><testcase classname="tests.crew.test_assistant.TestProposing" name="test_server_error_surfaces_message" time="0.001" /><testcase classname="tests.crew.test_beacon" name="test_declining_balances_project_negative_trajectory" time="0.001" /><testcase classname="tests.crew.test_beacon" name="test_growing_balances_have_no_runway_limit" time="0.000" /><testcase classname="tests.crew.test_beacon" name="test_insufficient_history_is_unavailable[values0]" time="0.000" /><testcase classname="tests.crew.test_beacon" name="test_insufficient_history_is_unavailable[values1]" time="0.000" /><testcase classname="tests.crew.test_beacon" name="test_insufficient_history_is_unavailable[values2]" time="0.000" /><testcase classname="tests.crew.test_beacon" name="test_lookback_limits_extreme_old_data" time="0.000" /><testcase classname="tests.crew.test_beacon" name="test_low_point_identified_within_horizon" time="0.000" /><testcase classname="tests.crew.test_beacon" name="test_non_numeric_entries_are_ignored" time="0.000" /><testcase classname="tests.crew.test_beacon" name="test_reserve_covered_when_bills_small" time="0.000" /><testcase classname="tests.crew.test_beacon" name="test_reserve_shortfall_before_next_bill" time="0.000" /><testcase classname="tests.crew.test_beacon" name="test_no_upcoming_bills_is_stable" time="0.000" /><testcase classname="tests.crew.test_beacon" name="test_positive_burn_never_shortfalls" time="0.000" /><testcase classname="tests.crew.test_broker" name="test_broker_rejects_missing_or_wrong_capability" time="0.006" /><testcase classname="tests.crew.test_broker" name="test_health_is_sanitized_and_healthy" time="0.002" /><testcase classname="tests.crew.test_broker" name="test_graphql_rejects_unknown_operation_and_propagates_mutation_flag" time="0.002" /><testcase classname="tests.crew.test_broker" name="test_graphql_rejects_query_mismatch_for_allowlisted_operation" time="0.002" /><testcase classname="tests.crew.test_broker" name="test_non_loopback_bind_is_rejected" time="0.000" /><testcase classname="tests.crew.test_broker" name="test_graphql_requires_an_exact_registered_document" time="0.003" /><testcase classname="tests.crew.test_broker" name="test_renewal_validates_before_save_and_reports_sanitized_status" time="0.003" /><testcase classname="tests.crew.test_broker" name="test_failed_renewal_validation_preserves_existing_credential" time="0.002" /><testcase classname="tests.crew.test_broker" name="test_renewal_is_single_flight_and_unknown_status_is_404" time="0.002" /><testcase classname="tests.crew.test_broker_entrypoint" name="test_cli_defaults_are_deterministic_and_loopback_only" time="0.001" /><testcase classname="tests.crew.test_broker_entrypoint" name="test_cli_has_no_secret_arguments" time="0.000" /><testcase classname="tests.crew.test_broker_entrypoint" name="test_production_broker_owns_exact_operation_documents" time="0.000" /><testcase classname="tests.crew.test_broker_entrypoint" name="test_runner_revalidates_loopback_before_serving" time="0.000" /><testcase classname="tests.crew.test_broker_entrypoint" name="test_installer_renders_valid_launchagent_without_secrets" time="0.045" /><testcase classname="tests.crew.test_browser_capture" name="test_crew_api_urls_match_by_host_suffix" time="0.000" /><testcase classname="tests.crew.test_browser_capture" name="test_crew_api_urls_include_current_graphql_host" time="0.000" /><testcase classname="tests.crew.test_browser_capture" name="test_capture_returns_none_after_timeout_without_browser_events" time="0.055" /><testcase classname="tests.crew.test_browser_capture" name="test_on_request_captures_authorization_from_crew_api_only" time="0.000" /><testcase classname="tests.crew.test_browser_capture" name="test_on_request_captures_x_api_key_from_current_crew_api" time="0.000" /><testcase classname="tests.crew.test_browser_capture" name="test_on_request_uses_complete_headers_for_sensitive_authorization" time="0.000" /><testcase classname="tests.crew.test_browser_capture" name="test_filter_crew_cookies_keeps_only_exact_approved_domains" time="0.000" /><testcase classname="tests.crew.test_browser_capture" name="test_session_capturer_returns_filtered_context_cookies" time="0.000" /><testcase classname="tests.crew.test_browser_capture" name="test_factory_reports_unavailable_with_guidance_when_missing" time="0.000"><skipped type="pytest.skip" message="playwright installed; absence path untestable here">/app/tests/crew/test_browser_capture.py:110: playwright installed; absence path untestable here</skipped></testcase><testcase classname="tests.crew.test_client" name="test_execute_injects_bearer_header_and_timeout" time="0.000" /><testcase classname="tests.crew.test_client" name="test_missing_token_raises_authentication_error_without_secret" time="0.000" /><testcase classname="tests.crew.test_client" name="test_http_auth_failure_is_classified[401]" time="0.000" /><testcase classname="tests.crew.test_client" name="test_http_auth_failure_is_classified[403]" time="0.000" /><testcase classname="tests.crew.test_client" name="test_graphql_auth_error_is_classified" time="0.000" /><testcase classname="tests.crew.test_client" name="test_generic_graphql_error_is_classified" time="0.000" /><testcase classname="tests.crew.test_client" name="test_read_timeout_is_transport_error" time="0.000" /><testcase classname="tests.crew.test_client" name="test_mutation_timeout_is_uncertain_and_not_retried" time="0.000" /><testcase classname="tests.crew.test_client" name="test_exception_text_never_contains_bearer_value" time="0.000" /><testcase classname="tests.crew.test_credentials" name="test_stored_provider_returns_existing_token" time="0.000" /><testcase classname="tests.crew.test_credentials" name="test_stored_provider_preserves_missing_token" time="0.000" /><testcase classname="tests.crew.test_credentials" name="test_provider_repr_never_contains_token" time="0.000" /><testcase classname="tests.crew.test_credentials" name="test_mac_provider_is_a_seam_not_an_automatic_login_flow" time="0.000" /><testcase classname="tests.crew.test_credentials" name="test_stored_provider_normalizes_bearer_prefixed_token" time="0.000" /><testcase classname="tests.crew.test_credentials" name="test_stored_provider_leaves_plain_token_untouched" time="0.000" /><testcase classname="tests.crew.test_executors" name="test_approved_action_executes_and_verifies" time="0.003" /><testcase classname="tests.crew.test_executors" name="test_action_without_a_verifier_is_accepted_but_never_called_verified" time="0.002" /><testcase classname="tests.crew.test_executors" name="test_action_without_a_verifier_records_why_verification_is_missing" time="0.002" /><testcase classname="tests.crew.test_executors" name="test_executed_action_without_a_verifier_cannot_be_re_executed" time="0.002" /><testcase classname="tests.crew.test_executors" name="test_explicit_verifier_still_reaches_verified" time="0.002" /><testcase classname="tests.crew.test_executors" name="test_error_contract_lands_in_failed_without_verification" time="0.001" /><testcase classname="tests.crew.test_executors" name="test_executor_exception_persists_uncertain_outcome_without_retry_or_verification" time="0.003" /><testcase classname="tests.crew.test_executors" name="test_unapproved_action_cannot_execute" time="0.002" /><testcase classname="tests.crew.test_executors" name="test_missing_executor_registration_fails_loudly" time="0.001" /><testcase classname="tests.crew.test_executors" name="test_failed_verification_overrides_success" time="0.002" /><testcase classname="tests.crew.test_executors" name="test_concurrent_execution_claims_action_once" time="0.507" /><testcase classname="tests.crew.test_executors" name="test_stale_approvals_expire_recent_ones_survive" time="0.008" /><testcase classname="tests.crew.test_executors" name="test_expiry_sweep_handles_aware_approval_timestamps" time="0.003" /><testcase classname="tests.crew.test_executors" name="test_expiry_sweep_tolerates_claim_race_and_continues" time="0.004" /><testcase classname="tests.crew.test_executors" name="test_a_changed_base_state_refuses_and_never_calls_the_executor" time="0.002" /><testcase classname="tests.crew.test_executors" name="test_an_unreadable_base_state_refuses_rather_than_assuming_unchanged" time="0.003" /><testcase classname="tests.crew.test_executors" name="test_an_approval_with_no_recorded_base_state_refuses_closed" time="0.004" /><testcase classname="tests.crew.test_executors" name="test_a_matching_base_state_executes_normally" time="0.002" /><testcase classname="tests.crew.test_executors" name="test_the_precondition_receives_both_params_and_reviewed_state" time="0.002" /><testcase classname="tests.crew.test_executors" name="test_an_executor_without_a_precondition_is_unaffected" time="0.002" /><testcase classname="tests.crew.test_executors" name="test_a_refused_action_cannot_be_executed_again" time="0.002" /><testcase classname="tests.crew.test_executors" name="test_a_verifier_that_cannot_confirm_stays_executed_not_failed" time="0.003" /><testcase classname="tests.crew.test_health" name="test_health_is_healthy_for_authenticated_response" time="0.000" /><testcase classname="tests.crew.test_health" name="test_health_is_unauthorized_for_auth_failure" time="0.000" /><testcase classname="tests.crew.test_health" name="test_health_is_unreachable_for_transport_failure" time="0.000" /><testcase classname="tests.crew.test_health" name="test_health_is_api_error_for_graphql_failure" time="0.000" /><testcase classname="tests.crew.test_health" name="test_health_is_broker_unavailable_when_local_broker_cannot_be_reached" time="0.000" /><testcase classname="tests.crew.test_health" name="test_health_is_credential_locked_when_broker_cannot_decrypt_session" time="0.000" /><testcase classname="tests.crew.test_mac_secrets" name="test_keychain_returns_existing_base64_key" time="0.000" /><testcase classname="tests.crew.test_mac_secrets" name="test_keychain_creates_missing_key_without_leaking_it" time="0.000" /><testcase classname="tests.crew.test_mac_secrets" name="test_keychain_concurrent_creation_loads_winning_key" time="0.000" /><testcase classname="tests.crew.test_mac_secrets" name="test_keychain_failure_is_sanitized" time="0.000" /><testcase classname="tests.crew.test_mac_secrets" name="test_capability_file_is_stable_and_private" time="0.000" /><testcase classname="tests.crew.test_mac_secrets" name="test_existing_world_readable_capability_is_rejected" time="0.000" /><testcase classname="tests.crew.test_proposals" name="test_builds_proposal_with_resolved_ids_and_summary" time="0.000" /><testcase classname="tests.crew.test_proposals" name="test_names_are_matched_case_insensitively" time="0.000" /><testcase classname="tests.crew.test_proposals" name="test_unresolvable_source_raises_with_clear_error" time="0.000" /><testcase classname="tests.crew.test_proposals" name="test_unresolvable_destination_raises" time="0.000" /><testcase classname="tests.crew.test_proposals" name="test_non_positive_or_invalid_amount_raises[0]" time="0.000" /><testcase classname="tests.crew.test_proposals" name="test_non_positive_or_invalid_amount_raises[-5]" time="0.000" /><testcase classname="tests.crew.test_proposals" name="test_non_positive_or_invalid_amount_raises[abc]" time="0.000" /><testcase classname="tests.crew.test_proposals" name="test_non_positive_or_invalid_amount_raises[None]" time="0.000" /><testcase classname="tests.crew.test_proposals" name="test_same_source_and_destination_is_rejected" time="0.000" /><testcase classname="tests.crew.test_proposals" name="test_summary_without_memo_omits_parenthetical" time="0.000" /><testcase classname="tests.crew.test_renewal" name="test_happy_path_captures_stores_and_reports_health" time="0.011" /><testcase classname="tests.crew.test_renewal" name="test_missing_capture_fails_without_storing" time="0.013" /><testcase classname="tests.crew.test_renewal" name="test_unavailable_capturer_fails_with_guidance" time="0.000" /><testcase classname="tests.crew.test_renewal" name="test_timeout_expires_and_discards_late_capture" time="0.158" /><testcase classname="tests.crew.test_renewal" name="test_second_start_rejected_while_session_active" time="0.520" /><testcase classname="tests.crew.test_renewal" name="test_unknown_session_id_returns_none" time="0.001" /><testcase classname="tests.crew.test_renewal" name="test_waiting_sessions_expire_on_status_check" time="0.119" /><testcase classname="tests.crew.test_renewal" name="test_new_start_allowed_after_previous_finishes" time="0.026" /><testcase classname="tests.crew.test_session_credentials" name="test_cipher_round_trip_and_unique_nonces" time="0.004" /><testcase classname="tests.crew.test_session_credentials" name="test_cipher_rejects_tampering_and_wrong_key" time="0.000" /><testcase classname="tests.crew.test_session_credentials" name="test_store_persists_ciphertext_not_plaintext" time="0.002" /><testcase classname="tests.crew.test_transports" name="test_session_transport_injects_cookie_without_auth_header" time="0.000" /><testcase classname="tests.crew.test_transports" name="test_session_transport_missing_credential_is_unauthorized" time="0.000" /><testcase classname="tests.crew.test_transports" name="test_session_mutation_timeout_is_uncertain_and_single_attempt" time="0.000" /><testcase classname="tests.crew.test_transports" name="test_default_session_cookie_transports_do_not_share_cookie_jars" time="0.001" /><testcase classname="tests.crew.test_transports" name="test_session_mutation_http_failure_is_uncertain[500-payload0]" time="0.001" /><testcase classname="tests.crew.test_transports" name="test_session_mutation_http_failure_is_uncertain[429-payload1]" time="0.000" /><testcase classname="tests.crew.test_transports" name="test_broker_transport_sends_narrow_request_with_capability" time="0.001" /><testcase classname="tests.crew.test_transports" name="test_broker_transport_maps_sanitized_broker_errors[401-payload0-CrewAuthenticationError]" time="0.001" /><testcase classname="tests.crew.test_transports" name="test_broker_transport_maps_sanitized_broker_errors[503-payload1-CrewTransportError]" time="0.001" /><testcase classname="tests.crew.test_transports" name="test_broker_transport_maps_sanitized_broker_errors[502-payload2-CrewAPIError]" time="0.001" /><testcase classname="tests.crew.test_transports" name="test_broker_transport_maps_sanitized_broker_errors[503-payload3-CrewUncertainWriteError]" time="0.001" /><testcase classname="tests.crew.test_transports" name="test_broker_transport_timeout_is_broker_unavailable_for_read" time="0.001" /><testcase classname="tests.crew.test_transports" name="test_broker_health_maps_locked_credential_without_disclosing_capability" time="0.001" /><testcase classname="tests.crew.test_transports" name="test_broker_transport_proxies_sanitized_renewal" time="0.001" /><testcase classname="tests.meridian.ai.test_advisor" name="test_context_builder_allowlists_transaction_fields_and_evidence_ids" time="0.019" /><testcase classname="tests.meridian.ai.test_advisor" name="test_advisor_returns_evidence_bound_answer_and_proposals" time="0.014" /><testcase classname="tests.meridian.ai.test_advisor" name="test_advisor_rejects_evidence_ids_outside_context" time="0.011" /><testcase classname="tests.meridian.ai.test_advisor" name="test_advisor_surfaces_provider_failure_without_fabricating" time="0.011" /><testcase classname="tests.meridian.ai.test_classifier" name="test_ai_only_classifies_deterministic_fallbacks" time="0.000" /><testcase classname="tests.meridian.ai.test_classifier" name="test_ai_validates_structured_output_and_records_audit_metadata" time="0.000" /><testcase classname="tests.meridian.ai.test_classifier" name="test_invalid_ai_output_leaves_deterministic_fallback_healthy[payload0]" time="0.000" /><testcase classname="tests.meridian.ai.test_classifier" name="test_invalid_ai_output_leaves_deterministic_fallback_healthy[payload1]" time="0.000" /><testcase classname="tests.meridian.ai.test_classifier" name="test_invalid_ai_output_leaves_deterministic_fallback_healthy[payload2]" time="0.000" /><testcase classname="tests.meridian.ai.test_classifier" name="test_ai_failure_leaves_transaction_unclassified_but_healthy" time="0.000" /><testcase classname="tests.meridian.ai.test_classifier" name="test_non_runtime_provider_failure_also_leaves_fallback_healthy" time="0.000" /><testcase classname="tests.meridian.ai.test_classifier" name="test_low_confidence_ai_result_enters_review_queue" time="0.011" /><testcase classname="tests.meridian.ai.test_classifier" name="test_sync_uses_ai_for_fallback_and_survives_provider_failure" time="0.012" /><testcase classname="tests.meridian.connectors.test_calendar" name="test_calendar_connector_uses_readonly_scope_and_minimum_fields" time="0.000" /><testcase classname="tests.meridian.connectors.test_calendar" name="test_calendar_source_is_independently_revocable" time="0.000" /><testcase classname="tests.meridian.connectors.test_email" name="test_mail_connector_is_read_only_allowlisted_and_cursor_idempotent" time="0.000" /><testcase classname="tests.meridian.connectors.test_email" name="test_mail_connector_revocation_stops_access" time="0.001" /><testcase classname="tests.meridian.connectors.test_gmail_read" name="test_gmail_transport_decodes_body_and_headers" time="0.000" /><testcase classname="tests.meridian.connectors.test_gmail_read" name="test_gmail_transport_refreshes_once_on_401" time="0.000" /><testcase classname="tests.meridian.connectors.test_gmail_read" name="test_gmail_transport_raises_on_non_401_error" time="0.000" /><testcase classname="tests.meridian.connectors.test_gmail_read" name="test_gmail_transport_list_message_ids" time="0.000" /><testcase classname="tests.meridian.connectors.test_gmail_read" name="test_gmail_transport_list_message_ids_adds_after_filter" time="0.000" /><testcase classname="tests.meridian.connectors.test_google_auth" name="test_config_requires_owner_set_credentials" time="0.000" /><testcase classname="tests.meridian.connectors.test_google_auth" name="test_config_from_env" time="0.000" /><testcase classname="tests.meridian.connectors.test_google_auth" name="test_authorization_url_contains_scopes_and_state" time="0.000" /><testcase classname="tests.meridian.connectors.test_google_auth" name="test_authorization_url_defaults_to_loopback_callback" time="0.000" /><testcase classname="tests.meridian.connectors.test_google_auth" name="test_authorization_url_accepts_host_derived_callback" time="0.000" /><testcase classname="tests.meridian.connectors.test_google_auth" name="test_exchange_uses_host_derived_callback" time="0.000" /><testcase classname="tests.meridian.connectors.test_google_auth" name="test_token_store_persists_and_multi_account" time="0.001" /><testcase classname="tests.meridian.connectors.test_google_auth" name="test_token_store_scopes_by_kind" time="0.001" /><testcase classname="tests.meridian.connectors.test_google_auth" name="test_token_store_roundtrips_all_fields" time="0.001" /><testcase classname="tests.meridian.connectors.test_google_auth" name="test_authorization_url_state_distinguishes_kinds" time="0.000" /><testcase classname="tests.meridian.connectors.test_google_auth" name="test_exchange_returns_token_dict_synchronously" time="0.000" /><testcase classname="tests.meridian.connectors.test_google_auth" name="test_refresh_returns_token_dict_synchronously" time="0.000" /><testcase classname="tests.meridian.connectors.test_google_auth" name="test_google_identity_scopes_are_read_only_and_include_email" time="0.000" /><testcase classname="tests.meridian.connectors.test_google_auth" name="test_email_from_id_token_extracts_claim" time="0.000" /><testcase classname="tests.meridian.connectors.test_google_auth" name="test_email_from_id_token_rejects_malformed_input" time="0.000" /><testcase classname="tests.meridian.connectors.test_icloud_mail" name="test_icloud_requires_credentials" time="0.008" /><testcase classname="tests.meridian.connectors.test_icloud_mail" name="test_icloud_fetch_recent_reads_messages_and_decodes_body" time="0.000" /><testcase classname="tests.meridian.connectors.test_icloud_mail" name="test_icloud_selects_inbox_readonly_and_closes" time="0.000" /><testcase classname="tests.meridian.connectors.test_icloud_mail" name="test_icloud_fetch_error_raises_read_error" time="0.000" /><testcase classname="tests.meridian.connectors.test_icloud_mail" name="test_imap_date_converts_iso_to_imap_since_form" time="0.000" /><testcase classname="tests.meridian.connectors.test_icloud_mail" name="test_icloud_fetch_since_uses_imap_since_criteria" time="0.000" /><testcase classname="tests.meridian.documents.test_extract" name="test_document_extraction_retains_page_and_region_provenance[bill-UTILITY BILL\nAmount due: $84.12\nDue date: 2026-09-15-amount_due-84.12]" time="0.000" /><testcase classname="tests.meridian.documents.test_extract" name="test_document_extraction_retains_page_and_region_provenance[statement-BANK STATEMENT\nStatement total: $1,204.55-statement_total-1204.55]" time="0.000" /><testcase classname="tests.meridian.documents.test_extract" name="test_document_extraction_retains_page_and_region_provenance[receipt-RECEIPT\nTotal: $23.40-total-23.4]" time="0.000" /><testcase classname="tests.meridian.documents.test_extract" name="test_document_extraction_retains_page_and_region_provenance[renewal-RENEWAL NOTICE\nRenewal amount: $99.00-renewal_amount-99.0]" time="0.000" /><testcase classname="tests.meridian.documents.test_extract" name="test_document_extraction_retains_page_and_region_provenance[pay_stub-PAY STUB\nNet pay: $2,100.00-net_pay-2100.0]" time="0.000" /><testcase classname="tests.meridian.documents.test_extract" name="test_ambiguous_amounts_remain_candidates_not_facts" time="0.000" /><testcase classname="tests.meridian.documents.test_extract" name="test_image_uses_ocr_before_deterministic_extraction" time="0.000" /><testcase classname="tests.meridian.documents.test_reconcile" name="test_exact_bill_match_returns_evidence_bound_chain_without_changing_totals" time="0.013" /><testcase classname="tests.meridian.documents.test_reconcile" name="test_fuzzy_match_and_ambiguous_duplicate_bills" time="0.011" /><testcase classname="tests.meridian.documents.test_reconcile" name="test_price_increase_and_late_fee_are_discrepancies_not_silent_updates" time="0.010" /><testcase classname="tests.meridian.documents.test_reconcile" name="test_missing_or_partial_payment_stays_unresolved" time="0.010" /><testcase classname="tests.meridian.documents.test_safety" name="test_attachment_validation_accepts_pdf_and_sanitizes_filename" time="0.000" /><testcase classname="tests.meridian.documents.test_safety" name="test_attachment_validation_rejects_spoofing_encryption_malware_and_size" time="0.000" /><testcase classname="tests.meridian.documents.test_safety" name="test_attachment_validation_marks_known_hash_as_duplicate" time="0.000" /><testcase classname="tests.meridian.providers.test_crew" name="test_adapter_normalizes_cents_and_omits_sensitive_source_fields" time="0.000" /><testcase classname="tests.meridian.providers.test_crew" name="test_adapter_marks_owned_transfers_with_a_relation_hint_not_a_category" time="0.000" /><testcase classname="tests.meridian.providers.test_crew" name="test_adapter_does_not_hint_transfers_without_proven_owned_endpoints" time="0.000" /><testcase classname="tests.meridian.providers.test_crew" name="test_adapter_normalizes_parent_account_for_missing_subaccount_transactions" time="0.000" /><testcase classname="tests.meridian.providers.test_crew" name="test_adapter_does_not_duplicate_parent_balance_without_parent_transactions" time="0.000" /><testcase classname="tests.meridian.providers.test_crew" name="test_fallback_parent_is_a_zero_balance_anchor_not_a_duplicate_balance" time="0.000" /><testcase classname="tests.meridian.providers.test_crew" name="test_adapter_marks_a_malformed_transaction_page_partial" time="0.000" /><testcase classname="tests.meridian.providers.test_crew" name="test_adapter_marks_a_null_current_user_partial" time="0.000" /><testcase classname="tests.meridian.providers.test_crew" name="test_adapter_marks_a_repeated_page_cursor_partial_without_looping" time="0.002" /><testcase classname="tests.meridian.providers.test_crewwork" name="test_adapter_normalizes_snapshot_to_dollars" time="0.000" /><testcase classname="tests.meridian.providers.test_crewwork" name="test_adapter_prefers_clean_title_over_raw_matching_name" time="0.000" /><testcase classname="tests.meridian.providers.test_crewwork" name="test_adapter_keeps_parent_account_transactions" time="0.000" /><testcase classname="tests.meridian.providers.test_crewwork" name="test_adapter_marks_incomplete_when_snapshot_incomplete" time="0.000" /><testcase classname="tests.meridian.providers.test_crewwork" name="test_adapter_rejects_unsafe_source" time="0.000" /><testcase classname="tests.meridian.providers.test_crewwork" name="test_adapter_emits_live_bills_as_commitment_candidates" time="0.000" /><testcase classname="tests.meridian.providers.test_external" name="test_simplefin_normalizes_milliunits_and_owned_transfer_hints" time="0.000" /><testcase classname="tests.meridian.providers.test_external" name="test_lunchflow_normalizes_accounts_and_shared_expenses" time="0.000" /><testcase classname="tests.meridian.providers.test_external" name="test_splitwise_balances_become_inflows_or_commitment_candidates" time="0.000" /><testcase classname="tests.meridian.services.test_accounts" name="test_accounts_group_by_financial_role_not_provider" time="0.012" /><testcase classname="tests.meridian.services.test_accounts" name="test_accounts_include_reimbursements_and_sanitized_connections" time="0.011" /><testcase classname="tests.meridian.services.test_connections" name="test_connections_group_money_evidence_and_time_without_secret_fields" time="0.015" /><testcase classname="tests.meridian.services.test_connections" name="test_connection_detail_is_absent_for_unknown_public_id" time="0.010" /><testcase classname="tests.meridian.services.test_dial" name="test_build_dial_includes_bill_without_false_reserve_claims" time="0.016" /><testcase classname="tests.meridian.services.test_dial" name="test_build_dial_includes_paycheck_horizon_events" time="0.015" /><testcase classname="tests.meridian.services.test_dial" name="test_build_dial_returns_empty_horizon_when_no_records" time="0.018" /><testcase classname="tests.meridian.services.test_dial" name="test_build_dial_uses_zero_decimal_currency_minor_units" time="0.018" /><testcase classname="tests.meridian.services.test_memory" name="test_today_memory_orders_by_urgency_and_carries_evidence" time="0.019" /><testcase classname="tests.meridian.services.test_memory" name="test_plan_memory_reserves_and_obligations_with_escalation_field" time="0.021" /><testcase classname="tests.meridian.services.test_memory" name="test_activity_memory_lists_lifecycle_events_without_transactions" time="0.023" /><testcase classname="tests.meridian.services.test_memory" name="test_accounts_memory_assets_contracts_with_nested_children" time="0.018" /><testcase classname="tests.meridian.services.test_memory" name="test_unknown_workspace_raises" time="0.012" /><testcase classname="tests.meridian.services.test_memory" name="test_expired_evidence_is_omitted_but_live_evidence_remains" time="0.024" /><testcase classname="tests.meridian.services.test_memory" name="test_escalation_review_carries_percent_in_dedicated_field" time="0.026" /><testcase classname="tests.meridian.services.test_plan" name="test_plan_summarizes_commitments_and_coverage" time="0.020" /><testcase classname="tests.meridian.services.test_plan" name="test_next_occurrence_rolls_past_recurring_anchor_forward" time="0.000" /><testcase classname="tests.meridian.services.test_plan" name="test_bill_invoice_evidence_matches_by_biller_name" time="0.011" /><testcase classname="tests.meridian.services.test_plan" name="test_plan_includes_backing_account_names_and_states" time="0.022" /><testcase classname="tests.meridian.services.test_plan" name="test_plan_timeline_lists_upcoming_funding_events" time="0.018" /><testcase classname="tests.meridian.services.test_plan" name="test_plan_reports_first_projected_shortfall" time="0.020" /><testcase classname="tests.meridian.services.test_plan" name="test_plan_allocation_segments_reconcile" time="0.018" /><testcase classname="tests.meridian.services.test_plan" name="test_plan_labels_stale_freshness" time="0.013" /><testcase classname="tests.meridian.services.test_plan" name="test_empty_plan_is_an_honest_empty_state" time="0.017" /><testcase classname="tests.meridian.services.test_plan" name="test_plan_includes_explainable_beacon_forecast" time="0.021" /><testcase classname="tests.meridian.services.test_plan" name="test_crew_ids_parses_snapshot" time="0.001" /><testcase classname="tests.meridian.services.test_plan" name="test_crew_ids_extracts_autopilot_rules" time="0.002" /><testcase classname="tests.meridian.services.test_plan" name="test_crew_ids_exposes_all_subaccounts" time="0.001" /><testcase classname="tests.meridian.services.test_plan" name="test_crew_ids_exposes_user_id" time="0.001" /><testcase classname="tests.meridian.services.test_today" name="test_today_reports_cash_inputs_and_stale_graph_without_a_forecast" time="0.012" /><testcase classname="tests.meridian.services.test_today" name="test_today_can_include_explainable_forecast_when_planning_repositories_are_supplied" time="0.018" /><testcase classname="tests.meridian.services.test_today" name="test_today_excludes_pockets_liabilities_and_non_cash_from_cash_inputs" time="0.013" /><testcase classname="tests.meridian.services.test_today" name="test_today_does_not_add_cash_balances_across_currencies" time="0.012" /><testcase classname="tests.meridian.services.test_today" name="test_today_treats_a_timezone_less_source_snapshot_as_stale" time="0.010" /><testcase classname="tests.meridian.services.test_today" name="test_today_treats_a_future_source_snapshot_as_stale" time="0.010" /><testcase classname="tests.meridian.services.test_today" name="test_today_and_activity_stay_stale_after_partial_sync_until_a_complete_sync" time="0.017" /><testcase classname="tests.meridian.services.test_today" name="test_breakdown_reports_bills_and_goals" time="0.025" /><testcase classname="tests.meridian.services.test_today" name="test_today_safe_to_spend_matches_free_to_spend_pocket" time="0.020" /><testcase classname="tests.meridian.services.test_today" name="test_beacon_signal_notes_negative_safe_to_spend" time="0.000" /><testcase classname="tests.meridian.services.test_today" name="test_beacon_signal_shortfall_covered_by_paycheck" time="0.001" /><testcase classname="tests.meridian.services.test_today" name="test_virgil_brief_surfaces_negative_safe_to_spend" time="0.001" /><testcase classname="tests.meridian.services.test_today" name="test_virgil_brief_falls_back_when_unavailable" time="0.001" /><testcase classname="tests.meridian.services.test_today" name="test_beacon_signal_notes_guaranteed_base_vs_ot" time="0.001" /><testcase classname="tests.meridian.test_absent_bills" name="test_an_absent_bill_is_reported_with_its_provenance" time="0.035" /><testcase classname="tests.meridian.test_absent_bills" name="test_an_absent_bill_is_never_presented_as_a_current_obligation" time="0.018" /><testcase classname="tests.meridian.test_absent_bills" name="test_a_bill_the_provider_still_returns_stays_current" time="0.021" /><testcase classname="tests.meridian.test_absent_bills" name="test_the_absent_list_is_newest_conclusion_first_and_bounded" time="0.014" /><testcase classname="tests.meridian.test_absent_bills" name="test_the_absent_list_rejects_an_unbounded_request" time="0.012" /><testcase classname="tests.meridian.test_absent_bills" name="test_the_absent_list_is_empty_when_nothing_was_concluded_absent" time="0.016" /><testcase classname="tests.meridian.test_absent_bills" name="test_absent_bill_labels_state_provenance_without_money" time="0.001"><skipped type="pytest.skip" message="Node.js is not available in this environment">/app/tests/meridian/test_absent_bills.py:156: Node.js is not available in this environment</skipped></testcase><testcase classname="tests.meridian.test_absent_bills" name="test_the_plan_workspace_has_a_place_for_absent_bills" time="0.000" /><testcase classname="tests.meridian.test_absent_bills" name="test_the_absent_renderer_shows_provenance_and_no_amount" time="0.001" /><testcase classname="tests.meridian.test_account_activity" name="test_accounts_rows_have_activity_buttons" time="0.001" /><testcase classname="tests.meridian.test_account_activity" name="test_activity_exposes_open_account_filter" time="0.000" /><testcase classname="tests.meridian.test_accounts_observatory" name="test_accounts_uses_computed_data_freshness" time="0.000" /><testcase classname="tests.meridian.test_accounts_observatory" name="test_accounts_freshness_chip_can_render_partial_state" time="0.000" /><testcase classname="tests.meridian.test_accounts_observatory" name="test_accounts_command_uses_decorative_constellation" time="0.000" /><testcase classname="tests.meridian.test_action_history" name="test_settings_navigation_and_template_include_actions" time="0.002" /><testcase classname="tests.meridian.test_action_history" name="test_action_history_is_read_only_presentational" time="0.001" /><testcase classname="tests.meridian.test_action_history" name="test_action_history_states_are_mapped" time="0.000" /><testcase classname="tests.meridian.test_action_outcome_js" name="test_action_outcome_helper_interprets_every_durable_state_with_node" time="0.000"><skipped type="pytest.skip" message="Node.js is not available in this environment">/app/tests/meridian/test_action_outcome_js.py:15: Node.js is not available in this environment</skipped></testcase><testcase classname="tests.meridian.test_action_outcome_js" name="test_plan_uses_state_interpreter_without_false_success_copy" time="0.000" /><testcase classname="tests.meridian.test_action_outcome_js" name="test_plan_action_note_has_pending_tone" time="0.000" /><testcase classname="tests.meridian.test_action_outcome_js" name="test_every_destructive_plan_control_refuses_a_second_request" time="0.000" /><testcase classname="tests.meridian.test_action_review_js" name="test_review_formatter_redacts_recursively_and_labels_missing_evidence" time="0.000"><skipped type="pytest.skip" message="Node.js is not available in this environment">/app/tests/meridian/test_action_review_js.py:15: Node.js is not available in this environment</skipped></testcase><testcase classname="tests.meridian.test_action_review_js" name="test_all_review_surfaces_use_shared_details_renderer" time="0.001" /><testcase classname="tests.meridian.test_action_review_js" name="test_templates_load_review_formatter_before_consumers" time="0.000" /><testcase classname="tests.meridian.test_action_review_js" name="test_shared_css_supports_review_details_without_inline_secrets" time="0.000" /><testcase classname="tests.meridian.test_activity_patterns" name="test_pattern_service_adds_plain_language_details" time="0.000" /><testcase classname="tests.meridian.test_activity_patterns" name="test_pattern_ui_renders_detail_line" time="0.000" /><testcase classname="tests.meridian.test_api" name="test_meridian_read_apis_require_login[/api/meridian/today]" time="0.002" /><testcase classname="tests.meridian.test_api" name="test_meridian_read_apis_require_login[/api/meridian/dial]" time="0.001" /><testcase classname="tests.meridian.test_api" name="test_meridian_read_apis_require_login[/api/meridian/weather]" time="0.001" /><testcase classname="tests.meridian.test_api" name="test_meridian_read_apis_require_login[/api/meridian/activity]" time="0.001" /><testcase classname="tests.meridian.test_api" name="test_meridian_read_apis_require_login[/api/meridian/transactions/1]" time="0.001" /><testcase classname="tests.meridian.test_api" name="test_meridian_read_apis_require_login[/api/meridian/accounts]" time="0.001" /><testcase classname="tests.meridian.test_api" name="test_meridian_read_apis_require_login[/api/meridian/evidence/1/content]" time="0.001" /><testcase classname="tests.meridian.test_api" name="test_meridian_read_apis_require_login[/api/meridian/settings/connections]" time="0.001" /><testcase classname="tests.meridian.test_api" name="test_evidence_content_rejects_invalid_identifier" time="0.013" /><testcase classname="tests.meridian.test_api" name="test_dial_read_api_returns_observatory_model" time="0.017" /><testcase classname="tests.meridian.test_api" name="test_weather_read_api_returns_proactive_model_without_mutating" time="0.018" /><testcase classname="tests.meridian.test_api" name="test_weather_read_api_rejects_invalid_as_of" time="0.016" /><testcase classname="tests.meridian.test_api" name="test_plan_scenario_preview_requires_login_and_is_read_only" time="0.026" /><testcase classname="tests.meridian.test_api" name="test_meridian_action_history_is_read_only" time="0.012" /><testcase classname="tests.meridian.test_api" name="test_plan_scenario_preview_validates_numeric_input" time="0.015" /><testcase classname="tests.meridian.test_api" name="test_connection_api_requires_login_and_never_serializes_secrets" time="0.016" /><testcase classname="tests.meridian.test_api" name="test_connection_authorize_returns_only_provider_handoff_state" time="0.014" /><testcase classname="tests.meridian.test_api" name="test_connection_authorize_reuses_one_row_per_kind" time="0.015" /><testcase classname="tests.meridian.test_api" name="test_connection_revoke_marks_only_selected_source" time="0.031" /><testcase classname="tests.meridian.test_api" name="test_meridian_read_apis_serialize_safe_data_and_stable_errors" time="0.053" /><testcase classname="tests.meridian.test_api" name="test_meridian_activity_rejects_invalid_pagination_with_a_stable_error" time="0.012" /><testcase classname="tests.meridian.test_api" name="test_classification_correction_is_atomic_audited_and_can_create_rule" time="0.017" /><testcase classname="tests.meridian.test_api" name="test_review_and_patterns_activity_modes" time="0.026" /><testcase classname="tests.meridian.test_api" name="test_contextual_advisor_endpoint_passes_workspace_context" time="0.011" /><testcase classname="tests.meridian.test_api" name="test_unfiltered_reads_include_partial_providers_without_records[/api/meridian/today]" time="0.026" /><testcase classname="tests.meridian.test_api" name="test_unfiltered_reads_include_partial_providers_without_records[/api/meridian/accounts]" time="0.014" /><testcase classname="tests.meridian.test_api" name="test_unfiltered_reads_include_partial_providers_without_records[/api/meridian/activity]" time="0.016" /><testcase classname="tests.meridian.test_api" name="test_unfiltered_reads_treat_unlinked_returned_records_as_stale[/api/meridian/today]" time="0.019" /><testcase classname="tests.meridian.test_api" name="test_unfiltered_reads_treat_unlinked_returned_records_as_stale[/api/meridian/accounts]" time="0.014" /><testcase classname="tests.meridian.test_api" name="test_unfiltered_reads_treat_unlinked_returned_records_as_stale[/api/meridian/activity]" time="0.012" /><testcase classname="tests.meridian.test_api" name="test_unfiltered_activity_scans_unlinked_transactions_beyond_first_page" time="0.016" /><testcase classname="tests.meridian.test_api" name="test_filtered_empty_activity_uses_the_requested_account_provider_freshness" time="0.012" /><testcase classname="tests.meridian.test_api" name="test_filtered_empty_activity_reports_partial_requested_account_as_stale" time="0.016" /><testcase classname="tests.meridian.test_api" name="test_meridian_activity_rejects_malformed_or_noncanonical_cursors[not-base64]" time="0.013" /><testcase classname="tests.meridian.test_api" name="test_meridian_activity_rejects_malformed_or_noncanonical_cursors[WyJub3QtYS10aW1lc3RhbXAiLDFd]" time="0.015" /><testcase classname="tests.meridian.test_api" name="test_meridian_activity_rejects_malformed_or_noncanonical_cursors[WzEsMV0=]" time="0.013" /><testcase classname="tests.meridian.test_api" name="test_meridian_activity_rejects_malformed_or_noncanonical_cursors[WyIyMDI2LTA4LTI3VDA4OjAwOjAwIiwxXQ==]" time="0.013" /><testcase classname="tests.meridian.test_api" name="test_meridian_activity_rejects_malformed_or_noncanonical_cursors[WyIyMDI2LTA4LTI3VDA4OjAwOjAwWiIsdHJ1ZV0=]" time="0.012" /><testcase classname="tests.meridian.test_api" name="test_meridian_activity_rejects_malformed_or_noncanonical_cursors[WyIyMDI2LTA4LTI3VDA4OjAwOjAwWiIsMF0=]" time="0.011" /><testcase classname="tests.meridian.test_api" name="test_meridian_activity_rejects_malformed_or_noncanonical_cursors[WyIyMDI2LTA4LTI3VDA4OjAwOjAwWiIsMSwiZXh0cmEiXQ==]" time="0.011" /><testcase classname="tests.meridian.test_api" name="test_meridian_activity_rejects_malformed_or_noncanonical_cursors[WyIyMDI2LTA4LTI3IDA4OjAwOjAwKzAwOjAwIiwxXQ==]" time="0.011" /><testcase classname="tests.meridian.test_api" name="test_meridian_activity_rejects_malformed_or_noncanonical_cursors[WyIyMDI2MDgyN1QwODAwMDArMDA6MDAiLDFd]" time="0.010" /><testcase classname="tests.meridian.test_api" name="test_meridian_activity_rejects_malformed_or_noncanonical_cursors[WyIyMDI2LTA4LTI3VDA4OjAwOjAwKzAwOjAwIiwxXQ==]" time="0.011" /><testcase classname="tests.meridian.test_api" name="test_meridian_activity_rejects_malformed_or_noncanonical_cursors[WyIyMDI2LTA4LTI3VDA4OjAwOjAwWiIsIDFd]" time="0.011" /><testcase classname="tests.meridian.test_api" name="test_meridian_activity_names_an_invalid_account_filter[not-a-number]" time="0.014" /><testcase classname="tests.meridian.test_api" name="test_meridian_activity_names_an_invalid_account_filter[0]" time="0.013" /><testcase classname="tests.meridian.test_api" name="test_meridian_activity_names_an_invalid_account_filter[-1]" time="0.014" /><testcase classname="tests.meridian.test_api" name="test_meridian_missing_transaction_keeps_last_known_good_freshness" time="0.016" /><testcase classname="tests.meridian.test_api" name="test_meridian_api_hides_repository_failures_behind_a_stable_error" time="0.014" /><testcase classname="tests.meridian.test_api" name="test_oauth_callback_exchanges_code_stores_token_and_marks_connected" time="0.019" /><testcase classname="tests.meridian.test_api" name="test_oauth_callback_rejects_missing_code_or_unknown_kind" time="0.014" /><testcase classname="tests.meridian.test_api" name="test_paycheck_get_returns_none_when_unset" time="0.009" /><testcase classname="tests.meridian.test_api" name="test_paycheck_set_and_get_roundtrips" time="0.011" /><testcase classname="tests.meridian.test_api" name="test_paycheck_set_rejects_invalid_cadence_or_amount" time="0.010" /><testcase classname="tests.meridian.test_api" name="test_oauth_callback_does_not_require_app_session" time="0.001" /><testcase classname="tests.meridian.test_api" name="test_crew_mutations_status_readonly" time="0.011" /><testcase classname="tests.meridian.test_api" name="test_crew_mutations_status_requires_login" time="0.001" /><testcase classname="tests.meridian.test_api" name="test_accounts_api_reports_an_archived_account_with_provenance" time="0.014" /><testcase classname="tests.meridian.test_api" name="test_activity_marks_a_transaction_of_an_archived_account" time="0.015" /><testcase classname="tests.meridian.test_api" name="test_activity_does_not_mark_a_current_accounts_transaction" time="0.015" /><testcase classname="tests.meridian.test_api" name="test_transaction_detail_carries_its_account_label" time="0.017" /><testcase classname="tests.meridian.test_api" name="test_accounts_workspace_renders_the_archived_section_hidden" time="0.023" /><testcase classname="tests.meridian.test_api" name="test_plan_api_reports_a_bill_the_provider_no_longer_returns" time="0.023" /><testcase classname="tests.meridian.test_archived_accounts" name="test_an_archived_account_is_reported_with_its_provenance" time="0.015" /><testcase classname="tests.meridian.test_archived_accounts" name="test_an_archived_account_never_presents_a_balance_as_current" time="0.016" /><testcase classname="tests.meridian.test_archived_accounts" name="test_an_account_the_reader_still_returned_stays_current" time="0.016" /><testcase classname="tests.meridian.test_archived_accounts" name="test_the_archived_list_is_newest_conclusion_first_and_bounded" time="0.017" /><testcase classname="tests.meridian.test_archived_accounts" name="test_the_archived_list_is_empty_when_nothing_was_concluded_absent" time="0.014" /><testcase classname="tests.meridian.test_archived_accounts" name="test_the_archived_list_rejects_an_unbounded_request" time="0.009" /><testcase classname="tests.meridian.test_archived_accounts" name="test_archived_account_labels_state_provenance_without_money" time="0.001"><skipped type="pytest.skip" message="Node.js is not available in this environment">/app/tests/meridian/test_archived_accounts.py:198: Node.js is not available in this environment</skipped></testcase><testcase classname="tests.meridian.test_archived_accounts" name="test_transaction_account_labels_mark_archived_context_only" time="0.000"><skipped type="pytest.skip" message="Node.js is not available in this environment">/app/tests/meridian/test_archived_accounts.py:198: Node.js is not available in this environment</skipped></testcase><testcase classname="tests.meridian.test_archived_accounts" name="test_the_accounts_workspace_has_a_place_for_archived_accounts" time="0.000" /><testcase classname="tests.meridian.test_archived_accounts" name="test_the_archived_renderer_shows_provenance_and_no_amount" time="0.000" /><testcase classname="tests.meridian.test_archived_accounts" name="test_the_activity_ledger_labels_the_account_a_transaction_belongs_to" time="0.000" /><testcase classname="tests.meridian.test_assets" name="test_asset_lifecycle_events_keep_evidence_provenance" time="0.013" /><testcase classname="tests.meridian.test_assets" name="test_source_document_correction_is_audited_and_proposed_not_applied" time="0.014" /><testcase classname="tests.meridian.test_assets" name="test_update_asset_persists_changed_fields" time="0.012" /><testcase classname="tests.meridian.test_assets" name="test_delete_asset_cascades_warranties" time="0.011" /><testcase classname="tests.meridian.test_assets" name="test_replace_warranties_replaces_stale" time="0.010" /><testcase classname="tests.meridian.test_auth_branding" name="test_manifest_names_the_app_meridian" time="0.000" /><testcase classname="tests.meridian.test_auth_branding" name="test_no_home_screen_surface_still_advertises_simplecrew[base.html]" time="0.003" /><testcase classname="tests.meridian.test_auth_branding" name="test_no_home_screen_surface_still_advertises_simplecrew[login.html]" time="0.002" /><testcase classname="tests.meridian.test_auth_branding" name="test_no_home_screen_surface_still_advertises_simplecrew[register.html]" time="0.003" /><testcase classname="tests.meridian.test_auth_branding" name="test_no_home_screen_surface_still_advertises_simplecrew[onboarding.html]" time="0.003" /><testcase classname="tests.meridian.test_auth_branding" name="test_register_page_is_a_meridian_first_run_page" time="0.000" /><testcase classname="tests.meridian.test_auth_branding" name="test_login_page_is_a_meridian_page" time="0.000" /><testcase classname="tests.meridian.test_auth_branding" name="test_register_page_keeps_the_registration_contract" time="0.000" /><testcase classname="tests.meridian.test_auth_branding" name="test_login_page_keeps_the_authentication_contract" time="0.000" /><testcase classname="tests.meridian.test_auth_branding" name="test_every_template_that_names_the_app_uses_meridian" time="0.001" /><testcase classname="tests.meridian.test_auth_branding" name="test_service_worker_never_serves_a_cached_manifest" time="0.000" /><testcase classname="tests.meridian.test_auth_branding" name="test_service_worker_cache_version_is_bumped_past_the_stale_manifest" time="0.000" /><testcase classname="tests.meridian.test_auth_branding" name="test_push_notification_defaults_are_meridian_branded" time="0.000" /><testcase classname="tests.meridian.test_beacon" name="test_forecast_explains_runway_low_point_and_first_shortfall" time="0.000" /><testcase classname="tests.meridian.test_beacon" name="test_forecast_exposes_uncertainty_and_freshness_confidence" time="0.000" /><testcase classname="tests.meridian.test_beacon" name="test_forecast_without_history_is_honestly_unavailable" time="0.000" /><testcase classname="tests.meridian.test_bill_absence_reconciliation" name="test_a_complete_read_archives_a_bill_it_no_longer_returns" time="0.014" /><testcase classname="tests.meridian.test_bill_absence_reconciliation" name="test_absence_is_scoped_to_the_reading_provider" time="0.012" /><testcase classname="tests.meridian.test_bill_absence_reconciliation" name="test_absence_is_never_concluded_from_an_empty_read" time="0.012" /><testcase classname="tests.meridian.test_bill_absence_reconciliation" name="test_absence_is_recorded_once_not_repeatedly" time="0.011" /><testcase classname="tests.meridian.test_bill_absence_reconciliation" name="test_a_bill_with_no_provider_identity_is_never_concluded_absent" time="0.012" /><testcase classname="tests.meridian.test_bill_absence_reconciliation" name="test_reobserving_an_absent_bill_reactivates_it" time="0.015" /><testcase classname="tests.meridian.test_bill_absence_reconciliation" name="test_reactivation_does_not_revive_an_owner_archived_bill" time="0.013" /><testcase classname="tests.meridian.test_bill_absence_reconciliation" name="test_a_complete_sync_archives_a_bill_crew_stopped_returning" time="0.024" /><testcase classname="tests.meridian.test_bill_absence_reconciliation" name="test_an_incomplete_sync_never_concludes_absence" time="0.025" /><testcase classname="tests.meridian.test_biller_monitor" name="test_monitor_flags_due_soon_bill" time="0.000" /><testcase classname="tests.meridian.test_biller_monitor" name="test_monitor_rolls_past_due_forward_by_recurrence" time="0.000" /><testcase classname="tests.meridian.test_biller_monitor" name="test_monitor_matches_last_paid_and_reports_amount_change" time="0.001" /><testcase classname="tests.meridian.test_biller_monitor" name="test_monitor_is_best_effort_on_brand_alias_and_returns_no_match" time="0.000" /><testcase classname="tests.meridian.test_biller_monitor" name="test_monitor_flags_large_amount_change" time="0.000" /><testcase classname="tests.meridian.test_biller_monitor" name="test_monitor_marks_unfunded_when_reserved_below_amount_and_not_due_soon" time="0.000" /><testcase classname="tests.meridian.test_biller_monitor" name="test_monitor_marks_on_track_when_funded" time="0.000" /><testcase classname="tests.meridian.test_biller_monitor" name="test_monitor_ignores_non_negative_transactions_for_last_paid" time="0.000" /><testcase classname="tests.meridian.test_biller_monitor" name="test_monitor_does_not_invent_autopay_or_statement_fields" time="0.000" /><testcase classname="tests.meridian.test_biller_monitor" name="test_monitor_tags_provenance_and_reuses_commitment_id" time="0.000" /><testcase classname="tests.meridian.test_biller_monitor" name="test_monitor_sorts_by_next_due" time="0.000" /><testcase classname="tests.meridian.test_biller_monitor" name="test_plan_badge_marks_unfunded_when_reserved_below_amount" time="0.000" /><testcase classname="tests.meridian.test_biller_monitor" name="test_plan_badge_marks_due_soon_when_unfunded_and_near" time="0.000" /><testcase classname="tests.meridian.test_biller_monitor" name="test_plan_badge_is_on_track_when_fully_funded_even_if_due" time="0.000" /><testcase classname="tests.meridian.test_biller_monitor" name="test_plan_badge_is_on_track_when_unfunded_but_far_out" time="0.000" /><testcase classname="tests.meridian.test_biller_monitor" name="test_plan_badge_flags_changed_when_amount_drifted_and_funded" time="0.000" /><testcase classname="tests.meridian.test_biller_monitor" name="test_plan_badge_not_changed_below_threshold" time="0.000" /><testcase classname="tests.meridian.test_biller_monitor" name="test_plan_badge_changed_wins_over_unfunded" time="0.000" /><testcase classname="tests.meridian.test_biller_monitor" name="test_plan_badge_changed_with_no_last_paid_returns_funding_status" time="0.000" /><testcase classname="tests.meridian.test_cancellation_brief" name="test_brief_is_human_actionable_and_marks_overdue" time="0.013" /><testcase classname="tests.meridian.test_cancellation_evidence" name="test_cancellation_action_links_existing_evidence" time="0.021" /><testcase classname="tests.meridian.test_cancellation_evidence" name="test_cancellation_action_rejects_missing_evidence" time="0.014" /><testcase classname="tests.meridian.test_cancellation_evidence" name="test_due_notifications_are_idempotent" time="0.016" /><testcase classname="tests.meridian.test_cancellation_evidence" name="test_notification_repository_rejects_invalid_status" time="0.009" /><testcase classname="tests.meridian.test_cancellation_evidence" name="test_reminder_cycle_is_persistence_only_without_delivery_callback" time="0.014" /><testcase classname="tests.meridian.test_cancellation_evidence" name="test_reminder_cycle_marks_sent_only_after_delivery" time="0.018" /><testcase classname="tests.meridian.test_cancellation_evidence" name="test_trial_reminder_payload_is_read_only" time="0.014" /><testcase classname="tests.meridian.test_cancellation_repository" name="test_repository_persists_honest_workflow" time="0.017" /><testcase classname="tests.meridian.test_cancellation_repository" name="test_repository_rejects_illegal_transition" time="0.015" /><testcase classname="tests.meridian.test_cancellation_workflow" name="test_click_does_not_count_as_cancellation" time="0.000" /><testcase classname="tests.meridian.test_cancellation_workflow" name="test_billing_ground_truth_beats_weak_signal" time="0.000" /><testcase classname="tests.meridian.test_cancellation_workflow" name="test_state_machine_rejects_skipping_verification" time="0.000" /><testcase classname="tests.meridian.test_cancellation_workflow" name="test_routing_guardrails" time="0.000" /><testcase classname="tests.meridian.test_cancellation_workflow" name="test_deadline_projection_is_read_only_and_skips_terminal_trials" time="0.015" /><testcase classname="tests.meridian.test_cancellation_workflow" name="test_post_deadline_reconciliation_is_conservative" time="0.010" /><testcase classname="tests.meridian.test_cancellation_workflow" name="test_escalation_plan_skips_attempted_channels" time="0.013" /><testcase classname="tests.meridian.test_cancellation_workflow" name="test_submission_approval_never_auto_approves_risky_routes" time="0.011" /><testcase classname="tests.meridian.test_cancellation_workflow" name="test_execution_requires_approval_and_adapter" time="0.014" /><testcase classname="tests.meridian.test_cancellation_workflow" name="test_dry_run_adapter_never_contacts_external_service" time="0.012" /><testcase classname="tests.meridian.test_cancellation_workflow" name="test_stubbed_replay_never_reports_success_without_verification" time="0.022" /><testcase classname="tests.meridian.test_classify" name="test_user_rule_outranks_transfer_and_merchant_rules" time="0.000" /><testcase classname="tests.meridian.test_classify" name="test_owned_transfer_and_credit_payment_are_not_spending" time="0.000" /><testcase classname="tests.meridian.test_classify" name="test_refunds_and_known_merchants_have_explainable_assignments" time="0.000" /><testcase classname="tests.meridian.test_classify" name="test_recurrence_detects_stable_merchant_interval" time="0.000" /><testcase classname="tests.meridian.test_classify" name="test_fallback_assigns_every_transaction_without_mutating_input" time="0.000" /><testcase classname="tests.meridian.test_classify" name="test_record_classification_preserves_prior_assignment" time="0.014" /><testcase classname="tests.meridian.test_classify" name="test_sync_assigns_deterministic_classification" time="0.011" /><testcase classname="tests.meridian.test_commitments" name="test_goal_requires_positive_target" time="0.015" /><testcase classname="tests.meridian.test_commitments" name="test_goal_accepts_optional_target_date" time="0.012" /><testcase classname="tests.meridian.test_commitments" name="test_bill_requires_amount_and_due_date_or_recurrence" time="0.009" /><testcase classname="tests.meridian.test_commitments" name="test_reserve_requires_cadence" time="0.011" /><testcase classname="tests.meridian.test_commitments" name="test_buffer_requires_minimum" time="0.012" /><testcase classname="tests.meridian.test_commitments" name="test_debt_requires_positive_minimum_payment" time="0.011" /><testcase classname="tests.meridian.test_commitments" name="test_amounts_round_to_cents_and_reject_bad_values" time="0.012" /><testcase classname="tests.meridian.test_commitments" name="test_priority_defaults_and_validates" time="0.014" /><testcase classname="tests.meridian.test_commitments" name="test_backing_account_is_optional_but_must_exist_when_given" time="0.016" /><testcase classname="tests.meridian.test_commitments" name="test_roundtrip_and_listing" time="0.014" /><testcase classname="tests.meridian.test_commitments" name="test_archive_removes_from_active_but_keeps_history" time="0.011" /><testcase classname="tests.meridian.test_commitments" name="test_update_validates_like_create" time="0.010" /><testcase classname="tests.meridian.test_commitments" name="test_legacy_provenance_columns_persist" time="0.010" /><testcase classname="tests.meridian.test_commitments" name="test_duplicate_legacy_ids_are_rejected" time="0.016" /><testcase classname="tests.meridian.test_connection_jobs" name="test_cursor_resumes_without_duplicates" time="0.002" /><testcase classname="tests.meridian.test_connection_jobs" name="test_identical_ids_in_different_mailboxes_stay_separate" time="0.009" /><testcase classname="tests.meridian.test_connection_jobs" name="test_revocation_stops_capture" time="0.001" /><testcase classname="tests.meridian.test_connection_jobs" name="test_deleted_event_is_not_blocked_by_seen" time="0.002" /><testcase classname="tests.meridian.test_connection_jobs" name="test_build_connections_includes_oauth_accounts" time="0.001" /><testcase classname="tests.meridian.test_connections" name="test_connection_repository_never_returns_provider_secrets" time="0.014" /><testcase classname="tests.meridian.test_connections" name="test_connection_repository_updates_state_and_revokes_one_source" time="0.015" /><testcase classname="tests.meridian.test_connections_overlay" name="test_connection_chooser_traps_tab_focus" time="0.000" /><testcase classname="tests.meridian.test_context" name="test_context_repository_revokes_one_source_without_touching_another" time="0.014" /><testcase classname="tests.meridian.test_context" name="test_unconfirmed_calendar_event_never_infers_expense_amount" time="0.010" /><testcase classname="tests.meridian.test_context" name="test_pay_stub_deposit_mismatch_is_a_sourced_hypothesis" time="0.013" /><testcase classname="tests.meridian.test_contracts" name="test_contract_events_include_renewal_cancellation_escalation_and_obligation" time="0.011" /><testcase classname="tests.meridian.test_contracts" name="test_sensitive_contracts_quote_financial_facts_without_professional_determinations[medical]" time="0.000" /><testcase classname="tests.meridian.test_contracts" name="test_sensitive_contracts_quote_financial_facts_without_professional_determinations[insurance]" time="0.000" /><testcase classname="tests.meridian.test_contracts" name="test_sensitive_contracts_quote_financial_facts_without_professional_determinations[lease]" time="0.000" /><testcase classname="tests.meridian.test_contracts" name="test_sensitive_contracts_quote_financial_facts_without_professional_determinations[tax]" time="0.000" /><testcase classname="tests.meridian.test_contracts" name="test_update_and_delete_contract_cascades_obligations" time="0.013" /><testcase classname="tests.meridian.test_contracts" name="test_replace_obligations_replaces_stale" time="0.014" /><testcase classname="tests.meridian.test_crew_commands" name="test_create_pocket_command_builds_cents_payload_without_secrets" time="0.000" /><testcase classname="tests.meridian.test_crew_commands" name="test_delete_pocket_command_requires_a_sanitized_crew_id" time="0.000" /><testcase classname="tests.meridian.test_crew_commands" name="test_create_bill_command_builds_reviewable_cents_payload" time="0.000" /><testcase classname="tests.meridian.test_crew_commands" name="test_delete_bill_command_requires_a_bill_id" time="0.000" /><testcase classname="tests.meridian.test_crew_commands" name="test_create_autopilot_rule_builds_deposit_trigger_formula" time="0.000" /><testcase classname="tests.meridian.test_crew_commands" name="test_edit_autopilot_rule_requires_rule_id_and_supports_card_filters" time="0.000" /><testcase classname="tests.meridian.test_crew_commands" name="test_delete_autopilot_rule_command_requires_rule_id" time="0.000" /><testcase classname="tests.meridian.test_crew_commands" name="test_set_spend_pocket_command_builds_account_scoped_payload" time="0.000" /><testcase classname="tests.meridian.test_crew_commands" name="test_update_virtual_card_command_builds_card_scoped_payload" time="0.000" /><testcase classname="tests.meridian.test_crew_commands" name="test_crew_command_payload_rejects_incomplete_or_unknown_commands[create_pocket-params0]" time="0.000" /><testcase classname="tests.meridian.test_crew_commands" name="test_crew_command_payload_rejects_incomplete_or_unknown_commands[create_pocket-params1]" time="0.000" /><testcase classname="tests.meridian.test_crew_commands" name="test_crew_command_payload_rejects_incomplete_or_unknown_commands[delete_pocket-params2]" time="0.000" /><testcase classname="tests.meridian.test_crew_commands" name="test_crew_command_payload_rejects_incomplete_or_unknown_commands[create_bill-params3]" time="0.002" /><testcase classname="tests.meridian.test_crew_commands" name="test_crew_command_payload_rejects_incomplete_or_unknown_commands[delete_bill-params4]" time="0.000" /><testcase classname="tests.meridian.test_crew_commands" name="test_crew_command_payload_rejects_incomplete_or_unknown_commands[set_spend_pocket-params5]" time="0.000" /><testcase classname="tests.meridian.test_crew_commands" name="test_crew_command_payload_rejects_incomplete_or_unknown_commands[update_virtual_card-params6]" time="0.000" /><testcase classname="tests.meridian.test_crew_commands" name="test_crew_command_payload_rejects_incomplete_or_unknown_commands[unknown-params7]" time="0.000" /><testcase classname="tests.meridian.test_crew_commands" name="test_command_spec_is_mutation_and_has_a_readback_key" time="0.000" /><testcase classname="tests.meridian.test_crew_commands" name="test_autopilot_rule_formula_fills_account_ids_from_params" time="0.000" /><testcase classname="tests.meridian.test_crew_commands" name="test_autopilot_rule_formula_rejects_incomplete_action_ids" time="0.000" /><testcase classname="tests.meridian.test_crew_write" name="test_success_result_maps_ok_and_returns_payload" time="0.000" /><testcase classname="tests.meridian.test_crew_write" name="test_rejected_outcome_remains_rejected" time="0.000" /><testcase classname="tests.meridian.test_crew_write" name="test_connector_blocked_outcome_remains_blocked" time="0.000" /><testcase classname="tests.meridian.test_crew_write" name="test_uncertain_never_retries" time="0.000" /><testcase classname="tests.meridian.test_crew_write" name="test_timeout_is_unknown_and_requires_readback" time="0.000" /><testcase classname="tests.meridian.test_crew_write" name="test_unreadable_response_is_unknown_and_requires_readback" time="0.000" /><testcase classname="tests.meridian.test_crew_write" name="test_unknown_operation_is_blocked_before_subprocess" time="0.000" /><testcase classname="tests.meridian.test_crew_write" name="test_crewwrite_binary_required" time="0.000" /><testcase classname="tests.meridian.test_crew_write_actions" name="test_executors_register_all_verified_write_types" time="0.014" /><testcase classname="tests.meridian.test_crew_write_actions" name="test_propose_approve_execute_roundtrip" time="0.019" /><testcase classname="tests.meridian.test_crew_write_actions" name="test_unknown_write_type_rejected_by_store" time="0.012" /><testcase classname="tests.meridian.test_crew_write_actions" name="test_executor_preserves_structured_connector_failures[connector_outcome0-expected0]" time="0.011" /><testcase classname="tests.meridian.test_crew_write_actions" name="test_executor_preserves_structured_connector_failures[connector_outcome1-expected1]" time="0.013" /><testcase classname="tests.meridian.test_crew_write_actions" name="test_executor_preserves_structured_connector_failures[connector_outcome2-expected2]" time="0.011" /><testcase classname="tests.meridian.test_crew_write_actions" name="test_uncertain_connector_outcome_is_persisted_without_retry" time="0.011" /><testcase classname="tests.meridian.test_crew_write_actions" name="test_verifier_less_crew_write_stays_executed_and_is_never_claimed_verified" time="0.014" /><testcase classname="tests.meridian.test_crew_write_actions" name="test_autopilot_rule_executor_enriches_formula_before_write" time="0.009" /><testcase classname="tests.meridian.test_crew_write_actions" name="test_set_spend_pocket_executor_reaches_write" time="0.009" /><testcase classname="tests.meridian.test_crew_write_actions" name="test_create_virtual_card_executor_reaches_write" time="0.007" /><testcase classname="tests.meridian.test_crew_write_actions" name="test_capture_base_state_records_only_the_reviewed_fields" time="0.011" /><testcase classname="tests.meridian.test_crew_write_actions" name="test_capture_base_state_is_absent_for_unknown_records_and_types" time="0.011" /><testcase classname="tests.meridian.test_crew_write_actions" name="test_a_changed_bill_is_refused_and_never_reaches_crew" time="0.019" /><testcase classname="tests.meridian.test_crew_write_actions" name="test_an_unchanged_bill_executes_normally" time="0.017" /><testcase classname="tests.meridian.test_crew_write_actions" name="test_crew_bill_readback_confirms_the_provider_state" time="0.016" /><testcase classname="tests.meridian.test_crew_write_actions" name="test_crew_bill_readback_fails_a_write_that_does_not_land" time="0.011" /><testcase classname="tests.meridian.test_crew_write_actions" name="test_crew_bill_readback_that_cannot_be_read_stays_executed" time="0.011" /><testcase classname="tests.meridian.test_deposit_discovery" name="test_recognizes_payroll_high_confidence" time="0.000" /><testcase classname="tests.meridian.test_deposit_discovery" name="test_owned_transfer_is_low_confidence_not_income" time="0.000" /><testcase classname="tests.meridian.test_deposit_discovery" name="test_unconnected_accounts_excluded" time="0.000" /><testcase classname="tests.meridian.test_deposit_discovery" name="test_debits_excluded" time="0.000" /><testcase classname="tests.meridian.test_deposit_discovery" name="test_sorted_by_confidence" time="0.000" /><testcase classname="tests.meridian.test_dial_js" name="test_observatory_css_defines_direction_tokens" time="0.000" /><testcase classname="tests.meridian.test_dial_js" name="test_dial_css_defines_instrument_surface" time="0.000" /><testcase classname="tests.meridian.test_dial_js" name="test_dial_js_pure_geometry_round_trips_with_node" time="0.000"><skipped type="pytest.skip" message="Node.js is not available in this environment">/app/tests/meridian/test_dial_js.py:39: Node.js is not available in this environment</skipped></testcase><testcase classname="tests.meridian.test_dial_js" name="test_dial_js_exports_pure_geometry_helpers" time="0.000" /><testcase classname="tests.meridian.test_dial_js" name="test_dial_js_hides_decorative_svg_and_supplies_accessibility_valuetext" time="0.000" /><testcase classname="tests.meridian.test_dial_js" name="test_dial_js_keeps_drag_and_range_accessibility_contract" time="0.000" /><testcase classname="tests.meridian.test_dial_js" name="test_dial_formats_observed_timestamps_human_readably" time="0.000" /><testcase classname="tests.meridian.test_dial_js" name="test_preview_page_is_served_from_static" time="0.001" /><testcase classname="tests.meridian.test_dial_js" name="test_meridian_app_opt_into_observatory_shell" time="0.000" /><testcase classname="tests.meridian.test_dial_js" name="test_observatory_shell_transparency_shows_app_backdrop" time="0.000" /><testcase classname="tests.meridian.test_dial_js" name="test_login_observatory_treatment_preserves_auth_controls" time="0.002" /><testcase classname="tests.meridian.test_dial_js" name="test_today_observatory_dial_is_primary_before_forecast_hero" time="0.000" /><testcase classname="tests.meridian.test_dial_js" name="test_asset_manifest_lists_observatory_assets" time="0.000" /><testcase classname="tests.meridian.test_dial_js" name="test_dial_instrument_matches_concept_layers" time="0.000" /><testcase classname="tests.meridian.test_dial_js" name="test_dial_event_rail_lists_all_upcoming_events" time="0.000" /><testcase classname="tests.meridian.test_dial_js" name="test_today_explore_plan_cta_follows_dial" time="0.000" /><testcase classname="tests.meridian.test_dial_js" name="test_dial_interaction_handlers_receive_container" time="0.000" /><testcase classname="tests.meridian.test_dial_js" name="test_dial_markers_have_orbit_leader_lines" time="0.000" /><testcase classname="tests.meridian.test_dial_js" name="test_dial_selects_first_upcoming_event_by_default" time="0.000" /><testcase classname="tests.meridian.test_dial_js" name="test_observatory_today_stage_gets_full_width_on_desktop" time="0.000" /><testcase classname="tests.meridian.test_dial_js" name="test_today_safe_to_spend_shows_real_observation_stamp" time="0.000" /><testcase classname="tests.meridian.test_dial_js" name="test_today_command_copy_matches_observatory_direction" time="0.000" /><testcase classname="tests.meridian.test_evidence" name="test_evidence_links_preserve_provenance_and_source_revocation" time="0.011" /><testcase classname="tests.meridian.test_evidence" name="test_retention_deletes_blob_but_preserves_audit_and_financial_records" time="0.016" /><testcase classname="tests.meridian.test_evidence" name="test_remove_links_for_target_keeps_items" time="0.014" /><testcase classname="tests.meridian.test_format_js" name="test_parse_local_date_rejects_plain_timestamp_z" time="0.000" /><testcase classname="tests.meridian.test_format_js" name="test_parse_local_date_handles_gmt_midnight_form" time="0.000" /><testcase classname="tests.meridian.test_format_js" name="test_parse_local_date_keeps_iso_date_only_branch" time="0.000" /><testcase classname="tests.meridian.test_funding" name="test_fixed_per_paycheck_funds_every_paycheck_in_the_horizon" time="0.000" /><testcase classname="tests.meridian.test_funding" name="test_percent_of_paycheck_uses_each_paycheck_amount" time="0.000" /><testcase classname="tests.meridian.test_funding" name="test_calendar_cadence_monthly_clamps_short_months" time="0.000" /><testcase classname="tests.meridian.test_funding" name="test_biweekly_cadence_is_stable_across_the_dst_boundary" time="0.000" /><testcase classname="tests.meridian.test_funding" name="test_even_by_due_date_splits_remaining_across_weeks" time="0.000" /><testcase classname="tests.meridian.test_funding" name="test_even_by_due_date_is_not_used_without_a_date" time="0.000" /><testcase classname="tests.meridian.test_funding" name="test_min_and_max_caps_bind" time="0.000" /><testcase classname="tests.meridian.test_funding" name="test_paused_rules_project_nothing" time="0.000" /><testcase classname="tests.meridian.test_funding" name="test_skip_dates_are_honored" time="0.000" /><testcase classname="tests.meridian.test_funding" name="test_one_time_override_funds_once_at_the_full_amount" time="0.000" /><testcase classname="tests.meridian.test_funding" name="test_insufficient_cash_caps_allocations_and_reports_shortfall" time="0.000" /><testcase classname="tests.meridian.test_funding" name="test_priority_waterfall_respects_already_reserved_cash" time="0.000" /><testcase classname="tests.meridian.test_funding" name="test_target_shortfall_limits_the_final_event" time="0.000" /><testcase classname="tests.meridian.test_funding" name="test_projection_is_deterministic" time="0.000" /><testcase classname="tests.meridian.test_funding" name="test_bill_projection_funds_the_amount_by_its_due_date" time="0.000" /><testcase classname="tests.meridian.test_funding" name="test_bill_projection_funds_only_the_unreserved_remainder" time="0.000" /><testcase classname="tests.meridian.test_funding" name="test_fully_reserved_bill_projects_nothing" time="0.000" /><testcase classname="tests.meridian.test_funding" name="test_over_reserved_bill_never_projects_a_negative_target" time="0.000" /><testcase classname="tests.meridian.test_funding" name="test_unknown_kind_is_rejected" time="0.000" /><testcase classname="tests.meridian.test_funding" name="test_allocations_conserve_cash_and_respect_caps" time="0.000" /><testcase classname="tests.meridian.test_funding" name="test_identical_inputs_always_produce_identical_projections" time="0.001" /><testcase classname="tests.meridian.test_funding_proposals" name="test_each_due_event_becomes_one_proposal_with_calculation" time="0.004" /><testcase classname="tests.meridian.test_funding_proposals" name="test_repeated_triggers_create_no_duplicates" time="0.001" /><testcase classname="tests.meridian.test_funding_proposals" name="test_different_amounts_on_the_same_day_are_separate_proposals" time="0.001" /><testcase classname="tests.meridian.test_funding_proposals" name="test_zero_amount_events_never_propose" time="0.001" /><testcase classname="tests.meridian.test_funding_proposals" name="test_unknown_action_types_still_rejected" time="0.002" /><testcase classname="tests.meridian.test_funding_proposals" name="test_projection_from_funding_engine_feeds_proposals" time="0.002" /><testcase classname="tests.meridian.test_gmail_intake" name="test_ingest_gmail_stores_messages_as_mail_evidence" time="0.012" /><testcase classname="tests.meridian.test_gmail_intake" name="test_ingest_gmail_dedups_on_duplicate" time="0.011" /><testcase classname="tests.meridian.test_gmail_intake" name="test_ingest_gmail_quarantines_empty_body" time="0.009" /><testcase classname="tests.meridian.test_gmail_intake" name="test_ingest_gmail_handles_mixed_batch_and_never_leaks_body" time="0.014" /><testcase classname="tests.meridian.test_gmail_intake" name="test_ingest_all_gmail_accounts_iterates_each_token" time="0.011" /><testcase classname="tests.meridian.test_gmail_intake" name="test_link_mail_evidence_matches_transaction_by_amount" time="0.010" /><testcase classname="tests.meridian.test_gmail_intake" name="test_link_mail_evidence_no_match_returns_zero" time="0.008" /><testcase classname="tests.meri
[...]
es_signed_amount_and_signal_classes" time="0.000" /><testcase classname="tests.meridian.test_trials" name="test_create_derives_cancel_by_in_local_timezone" time="0.011" /><testcase classname="tests.meridian.test_trials" name="test_rejects_inferred_or_invalid_terms" time="0.008" /><testcase classname="tests.meridian.test_trials" name="test_update_recomputes_deadline_and_preserves_history_shape" time="0.010" /><testcase classname="tests.meridian.test_trials" name="test_list_orders_by_earliest_deadline" time="0.009" /><testcase classname="tests.meridian.test_trials" name="test_deadline_events_are_anchored_to_cancel_by" time="0.008" /><testcase classname="tests.meridian.test_trials" name="test_capture_requires_explicit_merchant_terms" time="0.008" /><testcase classname="tests.meridian.test_write_routing" name="test_owner_direct_fully_specified_executes_without_proposal" time="0.000" /><testcase classname="tests.meridian.test_write_routing" name="test_ai_interpreted_requires_proposal" time="0.000" /><testcase classname="tests.meridian.test_write_routing" name="test_composed_multi_op_requires_proposal" time="0.000" /><testcase classname="tests.meridian.test_write_routing" name="test_low_confidence_requires_proposal_even_for_owner_direct" time="0.000" /><testcase classname="tests.meridian.test_write_routing" name="test_under_specified_requires_proposal" time="0.000" /><testcase classname="tests.meridian.test_write_routing" name="test_plan_level_budget_change_owner_direct_executes" time="0.000" /><testcase classname="tests.meridian.test_write_routing" name="test_plan_level_budget_type_proposal_for_non_owner_provenance" time="0.000" /><testcase classname="tests.meridian.test_write_routing" name="test_explicit_confidence_below_threshold_requires_proposal" time="0.000" /><testcase classname="tests.meridian.test_write_routing" name="test_unknown_provenance_defaults_to_proposal" time="0.000" /><testcase classname="tests.meridian.test_write_routing" name="test_fund_transfer_between_pockets_owner_direct_executes" time="0.000" /><testcase classname="tests.meridian.test_write_routing" name="test_route_mutation_direct_vs_proposal_paths" time="0.001" /><testcase classname="tests.meridian.test_write_routing" name="test_direct_mutation_runs_executor_proposal_does_not" time="0.003" /><testcase classname="tests.test_app_crew_integration" name="test_crew_health_endpoint_never_exposes_token" time="0.200" /><testcase classname="tests.test_app_crew_integration" name="test_crew_health_reports_configured_transport_provider" time="0.001" /><testcase classname="tests.test_app_crew_integration" name="test_move_money_delegates_exactly_once_to_crew_client" time="0.000" /><testcase classname="tests.test_app_crew_integration" name="test_move_money_does_not_retry_uncertain_write" time="0.000" /><testcase classname="tests.test_app_crew_integration" name="test_primary_account_read_uses_crew_client" time="0.000" /><testcase classname="tests.test_app_crew_integration" name="test_financial_refresh_syncs_meridian_without_changing_legacy_response" time="0.001" /><testcase classname="tests.test_app_crew_integration" name="test_financial_refresh_keeps_legacy_response_when_meridian_sync_fails" time="0.001" /><testcase classname="tests.test_app_crew_integration" name="test_move_money_rejects_truthy_result_without_confirmed_string_id" time="0.000" /><testcase classname="tests.test_app_crew_integration" name="test_move_money_accepts_result_with_confirmed_string_id" time="0.000" /><testcase classname="tests.test_app_crew_integration" name="test_reconnect_start_returns_session_id" time="0.001" /><testcase classname="tests.test_app_crew_integration" name="test_reconnect_status_is_sanitized_and_never_contains_token" time="0.001" /><testcase classname="tests.test_app_crew_integration" name="test_reconnect_unknown_session_is_404" time="0.001" /><testcase classname="tests.test_app_crew_integration" name="test_reconnect_requires_login" time="0.001" /><testcase classname="tests.test_app_crew_integration" name="test_reconnect_routes_proxy_to_configured_broker" time="0.002" /><testcase classname="tests.test_app_crew_integration" name="test_action_pipeline_full_lifecycle_over_http" time="0.006" /><testcase classname="tests.test_app_crew_integration" name="test_pending_endpoint_tolerates_claim_during_expiry_sweep" time="0.003" /><testcase classname="tests.test_app_crew_integration" name="test_mutate_rejects_missing_action_type" time="0.001" /><testcase classname="tests.test_app_crew_integration" name="test_mutate_rejects_non_object_json_body" time="0.001" /><testcase classname="tests.test_app_crew_integration" name="test_mutate_rejects_non_object_params" time="0.001" /><testcase classname="tests.test_app_crew_integration" name="test_propose_unknown_type_is_400" time="0.001" /><testcase classname="tests.test_app_crew_integration" name="test_execute_without_approval_is_409" time="0.002" /><testcase classname="tests.test_app_crew_integration" name="test_double_approve_conflict_409" time="0.004" /><testcase classname="tests.test_app_crew_integration" name="test_local_proposer_creates_pending_transfer" time="0.001" /><testcase classname="tests.test_app_crew_integration" name="test_local_proposer_requires_valid_key" time="0.001" /><testcase classname="tests.test_app_crew_integration" name="test_local_proposer_unresolvable_name_is_400" time="0.001" /><testcase classname="tests.test_app_crew_integration" name="test_advisor_chat_returns_reply_and_proposal" time="0.001" /><testcase classname="tests.test_app_crew_integration" name="test_advisor_requires_login" time="0.001" /><testcase classname="tests.test_app_crew_integration" name="test_advisor_status_reports_configuration" time="0.001" /><testcase classname="tests.test_app_crew_integration" name="test_advisor_unconfigured_chat_is_503" time="0.001" /><testcase classname="tests.test_app_crew_integration" name="test_legacy_meridian_sync_routes_through_the_canonical_sync" time="0.000" /><testcase classname="tests.test_app_crew_integration" name="test_legacy_meridian_sync_is_skipped_without_credentials" time="0.000" /><testcase classname="tests.test_app_crew_integration" name="test_legacy_meridian_sync_reports_an_unreadable_crew_truthfully" time="0.000" /><testcase classname="tests.test_app_evidence_integration" name="test_evidence_content_resolves" time="0.213" /><testcase classname="tests.test_capture_contract" name="test_matrix_matches_governing_viewports_and_two_themes" time="0.000" /><testcase classname="tests.test_capture_contract" name="test_metadata_requires_all_determinism_fields" time="0.000" /><testcase classname="tests.test_capture_contract" name="test_metadata_rejects_wrong_dpr_and_theme" time="0.000" /><testcase classname="tests.test_capture_contract" name="test_metadata_serializes_as_json_safe_dict" time="0.000" /><testcase classname="tests.test_capture_contract" name="test_capture_script_uses_full_matrix_dpr_theme_and_manifest" time="0.000" /><testcase classname="tests.test_capture_contract" name="test_capture_target_rejects_non_loopback_and_invalid_clock" time="0.043" /><testcase classname="tests.test_capture_contract" name="test_capture_script_maps_workspaces_to_governing_concept_files" time="0.000" /><testcase classname="tests.test_check_guardrails" name="test_unchanged_baseline_passes" time="0.192" /><testcase classname="tests.test_check_guardrails" name="test_same_head_shipped_migration_edit_fails" time="0.191" /><testcase classname="tests.test_check_guardrails" name="test_new_migration_passes_and_is_reported" time="0.145" /><testcase classname="tests.test_check_guardrails" name="test_missing_tracked_baseline_fails" time="0.129" /><testcase classname="tests.test_check_guardrails" name="test_rename_out_of_scope_destination_fails" time="0.224" /><testcase classname="tests.test_check_guardrails" name="test_other_owners_dirty_file_is_preserved" time="0.298" /><testcase classname="tests.test_check_guardrails" name="test_undeclared_staged_addition_fails" time="0.129" /><testcase classname="tests.test_check_guardrails" name="test_stale_expired_claim_fails" time="0.038" /><testcase classname="tests.test_check_guardrails" name="test_malformed_claims_fail_loudly[claims0]" time="0.036" /><testcase classname="tests.test_check_guardrails" name="test_malformed_claims_fail_loudly[claims1]" time="0.034" /><testcase classname="tests.test_check_guardrails" name="test_malformed_claims_fail_loudly[claims2]" time="0.049" /><testcase classname="tests.test_check_guardrails" name="test_malformed_claims_fail_loudly[claims3]" time="0.035" /><testcase classname="tests.test_check_guardrails" name="test_undeclared_agent_fails" time="0.037" /><testcase classname="tests.test_check_guardrails" name="test_missing_capability_is_reported" time="0.003" /><testcase classname="tests.test_check_guardrails" name="test_checker_is_read_only" time="0.140" /><testcase classname="tests.test_check_guardrails" name="test_receipt_records_evidence_and_leaves_session_fields_null" time="0.195" /><testcase classname="tests.test_concept_coverage" name="test_source_has_twenty_two_concepts" time="0.000" /><testcase classname="tests.test_concept_coverage" name="test_matrix_covers_exactly_the_source_concepts" time="0.000" /><testcase classname="tests.test_concept_coverage" name="test_matrix_is_numbered_one_to_twentytwo_without_gaps" time="0.000" /><testcase classname="tests.test_concept_coverage" name="test_every_state_is_from_the_fixed_vocabulary[01]" time="0.000" /><testcase classname="tests.test_concept_coverage" name="test_every_state_is_from_the_fixed_vocabulary[02]" time="0.000" /><testcase classname="tests.test_concept_coverage" name="test_every_state_is_from_the_fixed_vocabulary[03]" time="0.000" /><testcase classname="tests.test_concept_coverage" name="test_every_state_is_from_the_fixed_vocabulary[04]" time="0.000" /><testcase classname="tests.test_concept_coverage" name="test_every_state_is_from_the_fixed_vocabulary[05]" time="0.000" /><testcase classname="tests.test_concept_coverage" name="test_every_state_is_from_the_fixed_vocabulary[06]" time="0.000" /><testcase classname="tests.test_concept_coverage" name="test_every_state_is_from_the_fixed_vocabulary[07]" time="0.000" /><testcase classname="tests.test_concept_coverage" name="test_every_state_is_from_the_fixed_vocabulary[08]" time="0.000" /><testcase classname="tests.test_concept_coverage" name="test_every_state_is_from_the_fixed_vocabulary[09]" time="0.000" /><testcase classname="tests.test_concept_coverage" name="test_every_state_is_from_the_fixed_vocabulary[10]" time="0.000" /><testcase classname="tests.test_concept_coverage" name="test_every_state_is_from_the_fixed_vocabulary[11]" time="0.000" /><testcase classname="tests.test_concept_coverage" name="test_every_state_is_from_the_fixed_vocabulary[12]" time="0.000" /><testcase classname="tests.test_concept_coverage" name="test_every_state_is_from_the_fixed_vocabulary[13]" time="0.000" /><testcase classname="tests.test_concept_coverage" name="test_every_state_is_from_the_fixed_vocabulary[14]" time="0.000" /><testcase classname="tests.test_concept_coverage" name="test_every_state_is_from_the_fixed_vocabulary[15]" time="0.000" /><testcase classname="tests.test_concept_coverage" name="test_every_state_is_from_the_fixed_vocabulary[16]" time="0.000" /><testcase classname="tests.test_concept_coverage" name="test_every_state_is_from_the_fixed_vocabulary[17]" time="0.000" /><testcase classname="tests.test_concept_coverage" name="test_every_state_is_from_the_fixed_vocabulary[18]" time="0.000" /><testcase classname="tests.test_concept_coverage" name="test_every_state_is_from_the_fixed_vocabulary[19]" time="0.000" /><testcase classname="tests.test_concept_coverage" name="test_every_state_is_from_the_fixed_vocabulary[20]" time="0.000" /><testcase classname="tests.test_concept_coverage" name="test_every_state_is_from_the_fixed_vocabulary[21]" time="0.000" /><testcase classname="tests.test_concept_coverage" name="test_every_state_is_from_the_fixed_vocabulary[22]" time="0.000" /><testcase classname="tests.test_concept_coverage" name="test_claimed_state_cites_evidence[01]" time="0.000" /><testcase classname="tests.test_concept_coverage" name="test_claimed_state_cites_evidence[02]" time="0.000" /><testcase classname="tests.test_concept_coverage" name="test_claimed_state_cites_evidence[03]" time="0.000" /><testcase classname="tests.test_concept_coverage" name="test_claimed_state_cites_evidence[04]" time="0.000" /><testcase classname="tests.test_concept_coverage" name="test_claimed_state_cites_evidence[05]" time="0.000" /><testcase classname="tests.test_concept_coverage" name="test_claimed_state_cites_evidence[06]" time="0.000" /><testcase classname="tests.test_concept_coverage" name="test_claimed_state_cites_evidence[07]" time="0.000" /><testcase classname="tests.test_concept_coverage" name="test_claimed_state_cites_evidence[08]" time="0.000" /><testcase classname="tests.test_concept_coverage" name="test_claimed_state_cites_evidence[09]" time="0.000" /><testcase classname="tests.test_concept_coverage" name="test_claimed_state_cites_evidence[10]" time="0.000" /><testcase classname="tests.test_concept_coverage" name="test_claimed_state_cites_evidence[11]" time="0.000" /><testcase classname="tests.test_concept_coverage" name="test_claimed_state_cites_evidence[12]" time="0.000" /><testcase classname="tests.test_concept_coverage" name="test_claimed_state_cites_evidence[13]" time="0.000" /><testcase classname="tests.test_concept_coverage" name="test_claimed_state_cites_evidence[14]" time="0.000" /><testcase classname="tests.test_concept_coverage" name="test_claimed_state_cites_evidence[15]" time="0.000" /><testcase classname="tests.test_concept_coverage" name="test_claimed_state_cites_evidence[16]" time="0.000" /><testcase classname="tests.test_concept_coverage" name="test_claimed_state_cites_evidence[17]" time="0.000" /><testcase classname="tests.test_concept_coverage" name="test_claimed_state_cites_evidence[18]" time="0.000" /><testcase classname="tests.test_concept_coverage" name="test_claimed_state_cites_evidence[19]" time="0.000" /><testcase classname="tests.test_concept_coverage" name="test_claimed_state_cites_evidence[20]" time="0.000" /><testcase classname="tests.test_concept_coverage" name="test_claimed_state_cites_evidence[21]" time="0.000" /><testcase classname="tests.test_concept_coverage" name="test_claimed_state_cites_evidence[22]" time="0.000" /><testcase classname="tests.test_concept_coverage" name="test_every_concept_has_an_owning_slice" time="0.000" /><testcase classname="tests.test_legacy_redirects" name="test_legacy_tab_query_redirects_to_meridian_workspace[activity-activity]" time="0.002" /><testcase classname="tests.test_legacy_redirects" name="test_legacy_tab_query_redirects_to_meridian_workspace[expenses-plan]" time="0.001" /><testcase classname="tests.test_legacy_redirects" name="test_legacy_tab_query_redirects_to_meridian_workspace[bills-plan]" time="0.001" /><testcase classname="tests.test_legacy_redirects" name="test_legacy_tab_query_redirects_to_meridian_workspace[goals-plan]" time="0.001" /><testcase classname="tests.test_legacy_redirects" name="test_legacy_tab_query_redirects_to_meridian_workspace[pockets-plan]" time="0.001" /><testcase classname="tests.test_legacy_redirects" name="test_legacy_tab_query_redirects_to_meridian_workspace[family-accounts]" time="0.001" /><testcase classname="tests.test_legacy_redirects" name="test_legacy_tab_query_redirects_to_meridian_workspace[cards-accounts]" time="0.001" /><testcase classname="tests.test_legacy_redirects" name="test_legacy_tab_query_redirects_to_meridian_workspace[credit-accounts]" time="0.001" /><testcase classname="tests.test_legacy_redirects" name="test_legacy_tab_query_redirects_to_meridian_workspace[splitwise-accounts]" time="0.001" /><testcase classname="tests.test_legacy_redirects" name="test_legacy_tab_query_redirects_to_meridian_workspace[account-accounts]" time="0.001" /><testcase classname="tests.test_legacy_redirects" name="test_legacy_plan_paths_redirect_to_plan[/expenses]" time="0.001" /><testcase classname="tests.test_legacy_redirects" name="test_legacy_plan_paths_redirect_to_plan[/bills]" time="0.001" /><testcase classname="tests.test_legacy_redirects" name="test_legacy_plan_paths_redirect_to_plan[/goals]" time="0.001" /><testcase classname="tests.test_legacy_redirects" name="test_legacy_plan_paths_redirect_to_plan[/pockets]" time="0.001" /><testcase classname="tests.test_legacy_redirects" name="test_legacy_account_paths_redirect_to_accounts[/account]" time="0.001" /><testcase classname="tests.test_legacy_redirects" name="test_legacy_account_paths_redirect_to_accounts[/family]" time="0.001" /><testcase classname="tests.test_legacy_redirects" name="test_legacy_account_paths_redirect_to_accounts[/cards]" time="0.001" /><testcase classname="tests.test_legacy_redirects" name="test_legacy_account_paths_redirect_to_accounts[/credit]" time="0.001" /><testcase classname="tests.test_legacy_redirects" name="test_legacy_account_paths_redirect_to_accounts[/splitwise]" time="0.001" /><testcase classname="tests.test_meridian_workspace_invariant" name="test_primary_navigation_has_exactly_four_workspaces" time="0.000" /><testcase classname="tests.test_meridian_workspace_invariant" name="test_shell_html_has_balanced_sections_and_four_workspace_elements" time="0.000" /><testcase classname="tests.test_meridian_workspace_invariant" name="test_shell_html_has_no_dangling_tag_line" time="0.000" /><testcase classname="tests.test_meridian_workspace_invariant" name="test_javaScript_and_route_workspace_lists_match_the_governing_four" time="0.002" /><testcase classname="tests.test_meridian_workspace_invariant" name="test_trials_remains_reachable_as_a_settings_section" time="0.001" /><testcase classname="tests.test_meridian_workspace_invariant" name="test_trials_is_not_loaded_as_a_fifth_workspace" time="0.000" /><testcase classname="tests.test_meridian_workspace_invariant" name="test_rendered_shell_has_exactly_four_workspace_sections[today]" time="0.005" /><testcase classname="tests.test_meridian_workspace_invariant" name="test_rendered_shell_has_exactly_four_workspace_sections[plan]" time="0.004" /><testcase classname="tests.test_meridian_workspace_invariant" name="test_rendered_shell_has_exactly_four_workspace_sections[activity]" time="0.005" /><testcase classname="tests.test_meridian_workspace_invariant" name="test_rendered_shell_has_exactly_four_workspace_sections[accounts]" time="0.004" /><testcase classname="tests.test_meridian_workspace_invariant" name="test_accounts_workspace_renders_with_its_own_attributes" time="0.004" /><testcase classname="tests.test_meridian_workspace_invariant" name="test_trials_workspace_is_no_longer_routable" time="0.001" /><testcase classname="tests.test_meridian_workspace_invariant" name="test_settings_renders_the_trials_section" time="0.004" /><testcase classname="tests.test_preview_template_refresh" name="test_preview_refreshes_changed_template_without_process_restart" time="0.002" /><testcase classname="tests.test_production_config" name="test_production_debug_is_disabled" time="0.000" /><testcase classname="tests.test_production_config" name="test_session_cookie_defaults" time="0.000" /><testcase classname="tests.test_production_config" name="test_development_launch_only_enables_debug_when_requested" time="0.086" /><testcase classname="tests.test_production_config" name="test_development_launch_enables_debug_only_with_explicit_opt_in" time="0.073" /><testcase classname="tests.test_production_config" name="test_session_cookie_secure_can_be_explicitly_disabled_for_private_http_preview" time="0.130" /><testcase classname="tests.test_production_config" name="test_session_cookie_is_not_secure_when_debug_is_explicitly_enabled" time="0.072" /><testcase classname="tests.test_seed_preview" name="test_seed_creates_assets_contracts_and_evidence" time="0.212" /></testsuite></testsuites>
